2026-03-03T04:54:13.979Z [info]: POST /api/url 201 20.543 ms
2026-03-03T04:54:26.413Z [info]: GET /api/url/list 200 12.608 ms
2026-03-03T04:54:26.418Z [info]: GET /api/url/list 304 3.754 ms
2026-03-03T04:54:37.463Z [info]: GET /e1fw4wa5G 302 34.048 ms
2026-03-03T04:55:16.342Z [info]: GET /sw.js 302 1.991 ms
2026-03-03T04:55:18.379Z [info]: DELETE /api/url/69a668c804f41612d094d9db 200 13.302 ms
2026-03-03T04:56:24.502Z [info]: POST /user/login 404 4.669 ms
2026-03-03T04:58:57.143Z [info]: POST /user/login 201 74.454 ms
2026-03-03T05:13:20.436Z [info]: POST /user/login 400 69.320 ms
2026-03-03T05:13:32.132Z [info]: POST /user/login 201 70.717 ms
2026-03-03T05:13:39.658Z [info]: GET /customDomain 200 10.599 ms
2026-03-03T05:13:39.662Z [info]: GET /customDomain 304 1.881 ms
2026-03-03T05:13:59.852Z [info]: GET /customDomain 304 1.910 ms
2026-03-03T05:14:03.721Z [info]: GET /customDomain 304 1.772 ms
2026-03-03T05:14:03.725Z [info]: GET /customDomain 304 1.852 ms
2026-03-03T05:14:07.046Z [info]: GET /customDomain 304 1.657 ms
2026-03-03T05:14:07.049Z [info]: GET /customDomain 304 2.640 ms
2026-03-03T05:14:10.723Z [info]: GET /api/url/list 200 2.973 ms
2026-03-03T05:14:10.727Z [info]: GET /api/url/list 304 2.978 ms
2026-03-03T05:14:16.218Z [info]: GET /customDomain 304 1.625 ms
2026-03-03T05:14:16.222Z [info]: GET /customDomain 304 3.144 ms
